INFO 2025-07-22 01:01:57,603 cli 59236 8444927744 Starting server at tcp:port=8000:interface=0.0.0.0
INFO 2025-07-22 01:01:57,603 server 59236 8444927744 HTTP/2 support not enabled (install the http2 and tls Twisted extras)
INFO 2025-07-22 01:01:57,603 server 59236 8444927744 Configuring endpoint tcp:port=8000:interface=0.0.0.0
INFO 2025-07-22 01:01:57,604 server 59236 8444927744 Listening on TCP address 0.0.0.0:8000
INFO 2025-07-22 01:11:52,049 server 59236 8444927744 Killed 1 pending application instances
INFO 2025-07-22 01:12:20,713 cli 60396 8444927744 Starting server at tcp:port=8000:interface=0.0.0.0
INFO 2025-07-22 01:12:20,713 server 60396 8444927744 HTTP/2 support not enabled (install the http2 and tls Twisted extras)
INFO 2025-07-22 01:12:20,713 server 60396 8444927744 Configuring endpoint tcp:port=8000:interface=0.0.0.0
INFO 2025-07-22 01:12:20,714 server 60396 8444927744 Listening on TCP address 0.0.0.0:8000
INFO 2025-07-22 01:15:04,852 server 60396 8444927744 Killed 1 pending application instances
INFO 2025-07-22 01:15:17,453 cli 60947 8444927744 Starting server at tcp:port=8000:interface=0.0.0.0
INFO 2025-07-22 01:15:17,454 server 60947 8444927744 HTTP/2 support not enabled (install the http2 and tls Twisted extras)
INFO 2025-07-22 01:15:17,454 server 60947 8444927744 Configuring endpoint tcp:port=8000:interface=0.0.0.0
INFO 2025-07-22 01:15:17,454 server 60947 8444927744 Listening on TCP address 0.0.0.0:8000
INFO 2025-07-22 01:17:31,421 server 60947 8444927744 Killed 1 pending application instances
INFO 2025-07-22 01:17:54,894 cli 61431 8444927744 Starting server at tcp:port=8000:interface=0.0.0.0
INFO 2025-07-22 01:17:54,894 server 61431 8444927744 HTTP/2 support not enabled (install the http2 and tls Twisted extras)
INFO 2025-07-22 01:17:54,894 server 61431 8444927744 Configuring endpoint tcp:port=8000:interface=0.0.0.0
INFO 2025-07-22 01:17:54,895 server 61431 8444927744 Listening on TCP address 0.0.0.0:8000
INFO 2025-07-22 01:18:11,713 core 61477 8444927744 18 of 19 channels over capacity in group arbitrage_updates
INFO 2025-07-22 01:18:11,714 core 61477 8444927744 18 of 19 channels over capacity in group arbitrage_updates
INFO 2025-07-22 01:18:11,715 core 61477 8444927744 18 of 19 channels over capacity in group arbitrage_updates
INFO 2025-07-22 01:18:11,715 core 61477 8444927744 18 of 19 channels over capacity in group arbitrage_updates
INFO 2025-07-22 01:18:11,915 core 61477 8444927744 18 of 19 channels over capacity in group arbitrage_updates
INFO 2025-07-22 01:18:11,916 core 61477 8444927744 18 of 19 channels over capacity in group arbitrage_updates
INFO 2025-07-22 01:18:11,916 core 61477 8444927744 18 of 19 channels over capacity in group arbitrage_updates
INFO 2025-07-22 01:18:11,916 core 61477 8444927744 18 of 19 channels over capacity in group arbitrage_updates
INFO 2025-07-22 01:18:12,115 core 61477 8444927744 18 of 19 channels over capacity in group arbitrage_updates
INFO 2025-07-22 01:18:12,115 core 61477 8444927744 18 of 19 channels over capacity in group arbitrage_updates
INFO 2025-07-22 01:18:12,116 core 61477 8444927744 18 of 19 channels over capacity in group arbitrage_updates
INFO 2025-07-22 01:18:12,117 core 61477 8444927744 18 of 19 channels over capacity in group arbitrage_updates
INFO 2025-07-22 01:18:12,325 core 61477 8444927744 18 of 19 channels over capacity in group arbitrage_updates
INFO 2025-07-22 01:18:12,325 core 61477 8444927744 18 of 19 channels over capacity in group arbitrage_updates
INFO 2025-07-22 01:18:12,325 core 61477 8444927744 18 of 19 channels over capacity in group arbitrage_updates
INFO 2025-07-22 01:18:12,326 core 61477 8444927744 18 of 19 channels over capacity in group arbitrage_updates
INFO 2025-07-22 01:18:12,515 core 61477 8444927744 18 of 19 channels over capacity in group arbitrage_updates
INFO 2025-07-22 01:18:12,516 core 61477 8444927744 18 of 19 channels over capacity in group arbitrage_updates
INFO 2025-07-22 01:18:12,519 core 61477 8444927744 18 of 19 channels over capacity in group arbitrage_updates
INFO 2025-07-22 01:18:12,519 core 61477 8444927744 18 of 19 channels over capacity in group arbitrage_updates
INFO 2025-07-22 01:18:12,723 core 61477 8444927744 18 of 19 channels over capacity in group arbitrage_updates
INFO 2025-07-22 01:18:12,724 core 61477 8444927744 18 of 19 channels over capacity in group arbitrage_updates
INFO 2025-07-22 01:18:12,724 core 61477 8444927744 18 of 19 channels over capacity in group arbitrage_updates
INFO 2025-07-22 01:18:12,724 core 61477 8444927744 18 of 19 channels over capacity in group arbitrage_updates
INFO 2025-07-22 01:18:12,924 core 61477 8444927744 18 of 19 channels over capacity in group arbitrage_updates
INFO 2025-07-22 01:18:12,924 core 61477 8444927744 18 of 19 channels over capacity in group arbitrage_updates
INFO 2025-07-22 01:18:12,924 core 61477 8444927744 18 of 19 channels over capacity in group arbitrage_updates
INFO 2025-07-22 01:18:12,925 core 61477 8444927744 18 of 19 channels over capacity in group arbitrage_updates
INFO 2025-07-22 01:18:13,124 core 61477 8444927744 18 of 19 channels over capacity in group arbitrage_updates
INFO 2025-07-22 01:18:13,125 core 61477 8444927744 18 of 19 channels over capacity in group arbitrage_updates
INFO 2025-07-22 01:18:13,125 core 61477 8444927744 18 of 19 channels over capacity in group arbitrage_updates
INFO 2025-07-22 01:18:13,126 core 61477 8444927744 18 of 19 channels over capacity in group arbitrage_updates
INFO 2025-07-22 01:18:13,336 core 61477 8444927744 18 of 19 channels over capacity in group arbitrage_updates
INFO 2025-07-22 01:18:13,336 core 61477 8444927744 18 of 19 channels over capacity in group arbitrage_updates
INFO 2025-07-22 01:18:13,336 core 61477 8444927744 18 of 19 channels over capacity in group arbitrage_updates
INFO 2025-07-22 01:18:13,336 core 61477 8444927744 18 of 19 channels over capacity in group arbitrage_updates
INFO 2025-07-22 01:18:13,518 core 61477 8444927744 18 of 19 channels over capacity in group arbitrage_updates
INFO 2025-07-22 01:18:13,519 core 61477 8444927744 18 of 19 channels over capacity in group arbitrage_updates
INFO 2025-07-22 01:18:13,519 core 61477 8444927744 18 of 19 channels over capacity in group arbitrage_updates
INFO 2025-07-22 01:18:13,519 core 61477 8444927744 18 of 19 channels over capacity in group arbitrage_updates
INFO 2025-07-22 01:18:13,726 core 61477 8444927744 18 of 19 channels over capacity in group arbitrage_updates
INFO 2025-07-22 01:18:13,726 core 61477 8444927744 18 of 19 channels over capacity in group arbitrage_updates
INFO 2025-07-22 01:18:13,726 core 61477 8444927744 18 of 19 channels over capacity in group arbitrage_updates
INFO 2025-07-22 01:18:13,727 core 61477 8444927744 18 of 19 channels over capacity in group arbitrage_updates
INFO 2025-07-22 01:18:13,929 core 61477 8444927744 18 of 19 channels over capacity in group arbitrage_updates
INFO 2025-07-22 01:18:13,929 core 61477 8444927744 18 of 19 channels over capacity in group arbitrage_updates
INFO 2025-07-22 01:18:13,930 core 61477 8444927744 18 of 19 channels over capacity in group arbitrage_updates
INFO 2025-07-22 01:18:13,930 core 61477 8444927744 18 of 19 channels over capacity in group arbitrage_updates
INFO 2025-07-22 01:18:14,129 core 61477 8444927744 18 of 19 channels over capacity in group arbitrage_updates
INFO 2025-07-22 01:18:14,132 core 61477 8444927744 18 of 19 channels over capacity in group arbitrage_updates
INFO 2025-07-22 01:18:14,132 core 61477 8444927744 18 of 19 channels over capacity in group arbitrage_updates
INFO 2025-07-22 01:18:14,132 core 61477 8444927744 18 of 19 channels over capacity in group arbitrage_updates
INFO 2025-07-22 01:18:14,331 core 61477 8444927744 18 of 19 channels over capacity in group arbitrage_updates
INFO 2025-07-22 01:18:14,332 core 61477 8444927744 18 of 19 channels over capacity in group arbitrage_updates
INFO 2025-07-22 01:18:14,332 core 61477 8444927744 18 of 19 channels over capacity in group arbitrage_updates
INFO 2025-07-22 01:18:14,332 core 61477 8444927744 18 of 19 channels over capacity in group arbitrage_updates
INFO 2025-07-22 01:18:14,534 core 61477 8444927744 18 of 19 channels over capacity in group arbitrage_updates
INFO 2025-07-22 01:18:14,534 core 61477 8444927744 18 of 19 channels over capacity in group arbitrage_updates
INFO 2025-07-22 01:18:14,534 core 61477 8444927744 18 of 19 channels over capacity in group arbitrage_updates
INFO 2025-07-22 01:18:14,535 core 61477 8444927744 18 of 19 channels over capacity in group arbitrage_updates
INFO 2025-07-22 01:18:14,730 core 61477 8444927744 18 of 18 channels over capacity in group arbitrage_updates
INFO 2025-07-22 01:18:14,730 core 61477 8444927744 18 of 18 channels over capacity in group arbitrage_updates
INFO 2025-07-22 01:18:14,731 core 61477 8444927744 18 of 18 channels over capacity in group arbitrage_updates
INFO 2025-07-22 01:18:14,731 core 61477 8444927744 18 of 18 channels over capacity in group arbitrage_updates
INFO 2025-07-22 01:18:25,799 core 61477 8444927744 18 of 19 channels over capacity in group arbitrage_updates
INFO 2025-07-22 01:18:25,800 core 61477 8444927744 18 of 19 channels over capacity in group arbitrage_updates
INFO 2025-07-22 01:18:25,801 core 61477 8444927744 18 of 19 channels over capacity in group arbitrage_updates
INFO 2025-07-22 01:18:25,801 core 61477 8444927744 18 of 19 channels over capacity in group arbitrage_updates
INFO 2025-07-22 01:18:26,001 core 61477 8444927744 18 of 19 channels over capacity in group arbitrage_updates
INFO 2025-07-22 01:18:26,001 core 61477 8444927744 18 of 19 channels over capacity in group arbitrage_updates
INFO 2025-07-22 01:18:26,002 core 61477 8444927744 18 of 19 channels over capacity in group arbitrage_updates
INFO 2025-07-22 01:18:26,002 core 61477 8444927744 18 of 19 channels over capacity in group arbitrage_updates
INFO 2025-07-22 01:18:26,201 core 61477 8444927744 18 of 19 channels over capacity in group arbitrage_updates
INFO 2025-07-22 01:18:26,202 core 61477 8444927744 18 of 19 channels over capacity in group arbitrage_updates
INFO 2025-07-22 01:18:26,202 core 61477 8444927744 18 of 19 channels over capacity in group arbitrage_updates
INFO 2025-07-22 01:18:26,202 core 61477 8444927744 18 of 19 channels over capacity in group arbitrage_updates
INFO 2025-07-22 01:18:26,408 core 61477 8444927744 18 of 19 channels over capacity in group arbitrage_updates
INFO 2025-07-22 01:18:26,408 core 61477 8444927744 18 of 19 channels over capacity in group arbitrage_updates
INFO 2025-07-22 01:18:26,409 core 61477 8444927744 18 of 19 channels over capacity in group arbitrage_updates
INFO 2025-07-22 01:18:26,409 core 61477 8444927744 18 of 19 channels over capacity in group arbitrage_updates
INFO 2025-07-22 01:18:26,607 core 61477 8444927744 18 of 19 channels over capacity in group arbitrage_updates
INFO 2025-07-22 01:18:26,608 core 61477 8444927744 18 of 19 channels over capacity in group arbitrage_updates
INFO 2025-07-22 01:18:26,608 core 61477 8444927744 18 of 19 channels over capacity in group arbitrage_updates
INFO 2025-07-22 01:18:26,609 core 61477 8444927744 18 of 19 channels over capacity in group arbitrage_updates
INFO 2025-07-22 01:18:26,807 core 61477 8444927744 18 of 19 channels over capacity in group arbitrage_updates
INFO 2025-07-22 01:18:26,809 core 61477 8444927744 18 of 19 channels over capacity in group arbitrage_updates
INFO 2025-07-22 01:18:26,809 core 61477 8444927744 18 of 19 channels over capacity in group arbitrage_updates
INFO 2025-07-22 01:18:26,809 core 61477 8444927744 18 of 19 channels over capacity in group arbitrage_updates
INFO 2025-07-22 01:18:27,006 core 61477 8444927744 18 of 19 channels over capacity in group arbitrage_updates
INFO 2025-07-22 01:18:27,006 core 61477 8444927744 18 of 19 channels over capacity in group arbitrage_updates
INFO 2025-07-22 01:18:27,006 core 61477 8444927744 18 of 19 channels over capacity in group arbitrage_updates
INFO 2025-07-22 01:18:27,007 core 61477 8444927744 18 of 19 channels over capacity in group arbitrage_updates
INFO 2025-07-22 01:18:27,209 core 61477 8444927744 18 of 19 channels over capacity in group arbitrage_updates
INFO 2025-07-22 01:18:27,210 core 61477 8444927744 18 of 19 channels over capacity in group arbitrage_updates
INFO 2025-07-22 01:18:27,210 core 61477 8444927744 18 of 19 channels over capacity in group arbitrage_updates
INFO 2025-07-22 01:18:27,210 core 61477 8444927744 18 of 19 channels over capacity in group arbitrage_updates
INFO 2025-07-22 01:18:27,428 core 61477 8444927744 18 of 19 channels over capacity in group arbitrage_updates
INFO 2025-07-22 01:18:27,439 core 61477 8444927744 18 of 19 channels over capacity in group arbitrage_updates
INFO 2025-07-22 01:18:27,451 core 61477 8444927744 18 of 19 channels over capacity in group arbitrage_updates
INFO 2025-07-22 01:18:27,460 core 61477 8444927744 18 of 19 channels over capacity in group arbitrage_updates
INFO 2025-07-22 01:18:27,608 core 61477 8444927744 18 of 19 channels over capacity in group arbitrage_updates
INFO 2025-07-22 01:18:27,608 core 61477 8444927744 18 of 19 channels over capacity in group arbitrage_updates
INFO 2025-07-22 01:18:27,609 core 61477 8444927744 18 of 19 channels over capacity in group arbitrage_updates
INFO 2025-07-22 01:18:27,609 core 61477 8444927744 18 of 19 channels over capacity in group arbitrage_updates
INFO 2025-07-22 01:18:27,814 core 61477 8444927744 18 of 19 channels over capacity in group arbitrage_updates
INFO 2025-07-22 01:18:27,814 core 61477 8444927744 18 of 19 channels over capacity in group arbitrage_updates
INFO 2025-07-22 01:18:27,815 core 61477 8444927744 18 of 19 channels over capacity in group arbitrage_updates
INFO 2025-07-22 01:18:27,815 core 61477 8444927744 18 of 19 channels over capacity in group arbitrage_updates
INFO 2025-07-22 01:18:28,030 core 61477 8444927744 18 of 19 channels over capacity in group arbitrage_updates
INFO 2025-07-22 01:18:28,034 core 61477 8444927744 18 of 19 channels over capacity in group arbitrage_updates
INFO 2025-07-22 01:18:28,035 core 61477 8444927744 18 of 19 channels over capacity in group arbitrage_updates
INFO 2025-07-22 01:18:28,037 core 61477 8444927744 18 of 19 channels over capacity in group arbitrage_updates
INFO 2025-07-22 01:18:28,236 core 61477 8444927744 18 of 19 channels over capacity in group arbitrage_updates
INFO 2025-07-22 01:18:28,237 core 61477 8444927744 18 of 19 channels over capacity in group arbitrage_updates
INFO 2025-07-22 01:18:28,242 core 61477 8444927744 18 of 19 channels over capacity in group arbitrage_updates
INFO 2025-07-22 01:18:28,247 core 61477 8444927744 18 of 19 channels over capacity in group arbitrage_updates
INFO 2025-07-22 01:18:28,420 core 61477 8444927744 18 of 19 channels over capacity in group arbitrage_updates
INFO 2025-07-22 01:18:28,420 core 61477 8444927744 18 of 19 channels over capacity in group arbitrage_updates
INFO 2025-07-22 01:18:28,421 core 61477 8444927744 18 of 19 channels over capacity in group arbitrage_updates
INFO 2025-07-22 01:18:28,421 core 61477 8444927744 18 of 19 channels over capacity in group arbitrage_updates
INFO 2025-07-22 01:18:28,623 core 61477 8444927744 18 of 19 channels over capacity in group arbitrage_updates
INFO 2025-07-22 01:18:28,624 core 61477 8444927744 18 of 19 channels over capacity in group arbitrage_updates
INFO 2025-07-22 01:18:28,624 core 61477 8444927744 18 of 19 channels over capacity in group arbitrage_updates
INFO 2025-07-22 01:18:28,625 core 61477 8444927744 18 of 19 channels over capacity in group arbitrage_updates
INFO 2025-07-22 01:18:28,822 core 61477 8444927744 18 of 19 channels over capacity in group arbitrage_updates
INFO 2025-07-22 01:18:28,822 core 61477 8444927744 18 of 19 channels over capacity in group arbitrage_updates
INFO 2025-07-22 01:18:28,823 core 61477 8444927744 18 of 19 channels over capacity in group arbitrage_updates
INFO 2025-07-22 01:18:28,823 core 61477 8444927744 18 of 19 channels over capacity in group arbitrage_updates
INFO 2025-07-22 01:20:48,209 server 61431 8444927744 Killed 1 pending application instances
INFO 2025-07-22 01:20:54,137 cli 62105 8444927744 Starting server at tcp:port=8000:interface=0.0.0.0
INFO 2025-07-22 01:20:54,137 server 62105 8444927744 HTTP/2 support not enabled (install the http2 and tls Twisted extras)
INFO 2025-07-22 01:20:54,137 server 62105 8444927744 Configuring endpoint tcp:port=8000:interface=0.0.0.0
INFO 2025-07-22 01:20:54,137 server 62105 8444927744 Listening on TCP address 0.0.0.0:8000
INFO 2025-07-22 01:22:50,296 server 62105 8444927744 Killed 1 pending application instances
INFO 2025-07-22 01:23:09,293 cli 62779 8444927744 Starting server at tcp:port=8000:interface=0.0.0.0
INFO 2025-07-22 01:23:09,293 server 62779 8444927744 HTTP/2 support not enabled (install the http2 and tls Twisted extras)
INFO 2025-07-22 01:23:09,293 server 62779 8444927744 Configuring endpoint tcp:port=8000:interface=0.0.0.0
INFO 2025-07-22 01:23:09,294 server 62779 8444927744 Listening on TCP address 0.0.0.0:8000
INFO 2025-07-22 01:25:13,413 server 62779 8444927744 Killed 1 pending application instances
INFO 2025-07-22 01:25:25,245 cli 63233 8444927744 Starting server at tcp:port=8000:interface=0.0.0.0
INFO 2025-07-22 01:25:25,246 server 63233 8444927744 HTTP/2 support not enabled (install the http2 and tls Twisted extras)
INFO 2025-07-22 01:25:25,246 server 63233 8444927744 Configuring endpoint tcp:port=8000:interface=0.0.0.0
INFO 2025-07-22 01:25:25,246 server 63233 8444927744 Listening on TCP address 0.0.0.0:8000
INFO 2025-07-22 01:30:51,730 server 63233 8444927744 Killed 1 pending application instances
INFO 2025-07-22 01:31:02,927 cli 63921 8444927744 Starting server at tcp:port=8000:interface=0.0.0.0
INFO 2025-07-22 01:31:02,927 server 63921 8444927744 HTTP/2 support not enabled (install the http2 and tls Twisted extras)
INFO 2025-07-22 01:31:02,927 server 63921 8444927744 Configuring endpoint tcp:port=8000:interface=0.0.0.0
INFO 2025-07-22 01:31:02,927 server 63921 8444927744 Listening on TCP address 0.0.0.0:8000
INFO 2025-07-22 01:34:09,009 server 63921 8444927744 Killed 1 pending application instances
INFO 2025-07-22 01:34:22,573 cli 64482 8444927744 Starting server at tcp:port=8000:interface=0.0.0.0
INFO 2025-07-22 01:34:22,573 server 64482 8444927744 HTTP/2 support not enabled (install the http2 and tls Twisted extras)
INFO 2025-07-22 01:34:22,573 server 64482 8444927744 Configuring endpoint tcp:port=8000:interface=0.0.0.0
INFO 2025-07-22 01:34:22,574 server 64482 8444927744 Listening on TCP address 0.0.0.0:8000
INFO 2025-07-22 01:47:05,348 server 64482 8444927744 Killed 1 pending application instances
INFO 2025-07-22 01:47:16,579 cli 65497 8444927744 Starting server at tcp:port=8000:interface=0.0.0.0
INFO 2025-07-22 01:47:16,579 server 65497 8444927744 HTTP/2 support not enabled (install the http2 and tls Twisted extras)
INFO 2025-07-22 01:47:16,579 server 65497 8444927744 Configuring endpoint tcp:port=8000:interface=0.0.0.0
INFO 2025-07-22 01:47:16,580 server 65497 8444927744 Listening on TCP address 0.0.0.0:8000
INFO 2025-07-22 01:51:15,052 server 65497 8444927744 Killed 1 pending application instances
INFO 2025-07-22 01:51:27,434 cli 66074 8444927744 Starting server at tcp:port=8000:interface=0.0.0.0
INFO 2025-07-22 01:51:27,434 server 66074 8444927744 HTTP/2 support not enabled (install the http2 and tls Twisted extras)
INFO 2025-07-22 01:51:27,435 server 66074 8444927744 Configuring endpoint tcp:port=8000:interface=0.0.0.0
INFO 2025-07-22 01:51:27,435 server 66074 8444927744 Listening on TCP address 0.0.0.0:8000
